  [1m[36m (3.2ms)[0m  [1mCREATE TABLE "schema_migrations" ("version" varchar NOT NULL) [0m
  [1m[35m (3.4ms)[0m  select sqlite_version(*)
  [1m[36m (4.3ms)[0m  [1mCREATE UNIQUE INDEX "unique_schema_migrations" ON "schema_migrations" ("version")[0m
  [1m[35mActiveRecord::SchemaMigration Load (0.2ms)[0m  SELECT "schema_migrations".* FROM "schema_migrations"
Migrating to CreatePosts (20160329132621)
  [1m[36m (0.1ms)[0m  [1mbegin transaction[0m
  [1m[35m (0.5ms)[0m  CREATE TABLE "posts" ("id" INTEGER PRIMARY KEY AUTOINCREMENT NOT NULL, "name" varchar, "title" varchar, "content" text, "created_at" datetime NOT NULL, "updated_at" datetime NOT NULL) 
  [1m[36mSQL (0.2ms)[0m  [1mINSERT INTO "schema_migrations" ("version") VALUES (?)[0m  [["version", "20160329132621"]]
  [1m[35m (5.5ms)[0m  commit transaction
  [1m[36mActiveRecord::SchemaMigration Load (0.3ms)[0m  [1mSELECT "schema_migrations".* FROM "schema_migrations"[0m


Started GET "/" for ::1 at 2016-03-29 09:31:31 -0400
  [1m[36mActiveRecord::SchemaMigration Load (0.1ms)[0m  [1mSELECT "schema_migrations".* FROM "schema_migrations"[0m
Processing by PostsController#index as HTML
  [1m[35mPost Load (0.2ms)[0m  SELECT "posts".* FROM "posts"
  Rendered posts/index.html.erb within layouts/application (3.0ms)
Completed 200 OK in 1495ms (Views: 1485.0ms | ActiveRecord: 0.3ms)


Started GET "/assets/posts.self-e3b0c44298fc1c149afbf4c8996fb92427ae41e4649b934ca495991b7852b855.css?body=1" for ::1 at 2016-03-29 09:31:32 -0400


Started GET "/assets/scaffolds.self-95a4628ee173bf2c000fa780a18ef44e5d1ee9b3bec41cbe01189c3e432e8c7d.css?body=1" for ::1 at 2016-03-29 09:31:32 -0400


Started GET "/assets/posts.self-877aef30ae1b040ab8a3aba4e3e309a11d7f2612f44dde450b5c157aa5f95c05.js?body=1" for ::1 at 2016-03-29 09:31:32 -0400


Started GET "/posts/new" for ::1 at 2016-03-29 09:31:35 -0400
Processing by PostsController#new as HTML
  Rendered posts/_form.html.erb (19.1ms)
  Rendered posts/new.html.erb within layouts/application (22.7ms)
Completed 200 OK in 45ms (Views: 40.4ms | ActiveRecord: 0.2ms)


Started POST "/posts" for ::1 at 2016-03-29 09:31:53 -0400
Processing by PostsController#create as HTML
  Parameters: {"utf8"=>"✓", "authenticity_token"=>"3Z/EXW5kDsegqiNznKfzF0i0jdchwrp/CvYFUjvlJpyAFtSMD4b9iim/hdaKpNAazSysm7u1gfsQttO3xW9rYg==", "post"=>{"name"=>"Alex ", "title"=>"First Post", "content"=>"here's my first post"}, "commit"=>"Create Post"}
  [1m[36m (0.1ms)[0m  [1mbegin transaction[0m
  [1m[35mSQL (0.5ms)[0m  INSERT INTO "posts" ("name", "title", "content", "created_at", "updated_at") VALUES (?, ?, ?, ?, ?)  [["name", "Alex "], ["title", "First Post"], ["content", "here's my first post"], ["created_at", "2016-03-29 13:31:53.441559"], ["updated_at", "2016-03-29 13:31:53.441559"]]
  [1m[36m (1.3ms)[0m  [1mcommit transaction[0m
Redirected to http://localhost:3000/posts/1
Completed 302 Found in 8ms (ActiveRecord: 1.9ms)


Started GET "/posts/1" for ::1 at 2016-03-29 09:31:53 -0400
Processing by PostsController#show as HTML
  Parameters: {"id"=>"1"}
  [1m[35mPost Load (0.1ms)[0m  SELECT  "posts".* FROM "posts" WHERE "posts"."id" = ? LIMIT 1  [["id", 1]]
  Rendered posts/show.html.erb within layouts/application (0.9ms)
Completed 200 OK in 29ms (Views: 23.8ms | ActiveRecord: 0.1ms)


Started GET "/posts" for ::1 at 2016-03-29 09:31:55 -0400
Processing by PostsController#index as HTML
  [1m[36mPost Load (0.1ms)[0m  [1mSELECT "posts".* FROM "posts"[0m
  Rendered posts/index.html.erb within layouts/application (1.8ms)
Completed 200 OK in 22ms (Views: 21.1ms | ActiveRecord: 0.1ms)


Started GET "/" for ::1 at 2016-03-29 10:02:13 -0400
  [1m[36mActiveRecord::SchemaMigration Load (0.1ms)[0m  [1mSELECT "schema_migrations".* FROM "schema_migrations"[0m
Processing by PostsController#index as HTML
  [1m[35mPost Load (0.1ms)[0m  SELECT "posts".* FROM "posts"
  Rendered posts/index.html.erb within layouts/application (5.3ms)
Completed 200 OK in 267ms (Views: 258.4ms | ActiveRecord: 0.4ms)


Started GET "/" for ::1 at 2016-03-29 10:02:16 -0400
Processing by PostsController#index as HTML
  [1m[36mPost Load (0.2ms)[0m  [1mSELECT "posts".* FROM "posts"[0m
  Rendered posts/index.html.erb within layouts/application (2.1ms)
Completed 200 OK in 26ms (Views: 24.8ms | ActiveRecord: 0.2ms)


Started GET "/assets/posts.self-e3b0c44298fc1c149afbf4c8996fb92427ae41e4649b934ca495991b7852b855.css?body=1" for ::1 at 2016-03-29 10:02:16 -0400


Started GET "/assets/jquery_ujs.self-e87806d0cf4489aeb1bb7288016024e8de67fd18db693fe026fe3907581e53cd.js?body=1" for ::1 at 2016-03-29 10:02:16 -0400


Started GET "/assets/turbolinks.self-c37727e9bd6b2735da5c311aa83fead54ed0be6cc8bd9a65309e9c5abe2cbfff.js?body=1" for ::1 at 2016-03-29 10:02:16 -0400


Started GET "/assets/jquery.self-660adc51e0224b731d29f575a6f1ec167ba08ad06ed5deca4f1e8654c135bf4c.js?body=1" for ::1 at 2016-03-29 10:02:16 -0400


Started GET "/assets/scaffolds.self-95a4628ee173bf2c000fa780a18ef44e5d1ee9b3bec41cbe01189c3e432e8c7d.css?body=1" for ::1 at 2016-03-29 10:02:16 -0400


Started GET "/assets/posts.self-877aef30ae1b040ab8a3aba4e3e309a11d7f2612f44dde450b5c157aa5f95c05.js?body=1" for ::1 at 2016-03-29 10:02:16 -0400


Started GET "/assets/application.self-e80e8f2318043e8af94dddc2adad5a4f09739a8ebb323b3ab31cd71d45fd9113.css?body=1" for ::1 at 2016-03-29 10:02:16 -0400


Started GET "/assets/application.self-3b8dabdc891efe46b9a144b400ad69e37d7e5876bdc39dee783419a69d7ca819.js?body=1" for ::1 at 2016-03-29 10:02:16 -0400


Started GET "/" for ::1 at 2016-03-29 10:34:12 -0400
Processing by PostsController#index as HTML
  [1m[35mPost Load (0.2ms)[0m  SELECT "posts".* FROM "posts"
  Rendered posts/index.html.erb within layouts/application (4.2ms)
Completed 200 OK in 24ms (Views: 22.3ms | ActiveRecord: 0.4ms)


Started GET "/assets/posts.self-e3b0c44298fc1c149afbf4c8996fb92427ae41e4649b934ca495991b7852b855.css?body=1" for ::1 at 2016-03-29 10:34:12 -0400


Started GET "/assets/jquery_ujs.self-e87806d0cf4489aeb1bb7288016024e8de67fd18db693fe026fe3907581e53cd.js?body=1" for ::1 at 2016-03-29 10:34:12 -0400


Started GET "/assets/scaffolds.self-95a4628ee173bf2c000fa780a18ef44e5d1ee9b3bec41cbe01189c3e432e8c7d.css?body=1" for ::1 at 2016-03-29 10:34:12 -0400


Started GET "/assets/jquery.self-660adc51e0224b731d29f575a6f1ec167ba08ad06ed5deca4f1e8654c135bf4c.js?body=1" for ::1 at 2016-03-29 10:34:12 -0400


Started GET "/assets/turbolinks.self-c37727e9bd6b2735da5c311aa83fead54ed0be6cc8bd9a65309e9c5abe2cbfff.js?body=1" for ::1 at 2016-03-29 10:34:12 -0400


Started GET "/assets/application.self-e80e8f2318043e8af94dddc2adad5a4f09739a8ebb323b3ab31cd71d45fd9113.css?body=1" for ::1 at 2016-03-29 10:34:12 -0400


Started GET "/assets/posts.self-877aef30ae1b040ab8a3aba4e3e309a11d7f2612f44dde450b5c157aa5f95c05.js?body=1" for ::1 at 2016-03-29 10:34:12 -0400


Started GET "/assets/application.self-3b8dabdc891efe46b9a144b400ad69e37d7e5876bdc39dee783419a69d7ca819.js?body=1" for ::1 at 2016-03-29 10:34:12 -0400


Started GET "/" for ::1 at 2016-03-29 10:34:14 -0400
Processing by PostsController#index as HTML
  [1m[36mPost Load (0.4ms)[0m  [1mSELECT "posts".* FROM "posts"[0m
  Rendered posts/index.html.erb within layouts/application (1.9ms)
Completed 200 OK in 24ms (Views: 22.7ms | ActiveRecord: 0.4ms)


Started GET "/assets/application.self-e80e8f2318043e8af94dddc2adad5a4f09739a8ebb323b3ab31cd71d45fd9113.css?body=1" for ::1 at 2016-03-29 10:34:14 -0400


Started GET "/assets/scaffolds.self-95a4628ee173bf2c000fa780a18ef44e5d1ee9b3bec41cbe01189c3e432e8c7d.css?body=1" for ::1 at 2016-03-29 10:34:14 -0400


Started GET "/assets/posts.self-e3b0c44298fc1c149afbf4c8996fb92427ae41e4649b934ca495991b7852b855.css?body=1" for ::1 at 2016-03-29 10:34:14 -0400


Started GET "/assets/jquery.self-660adc51e0224b731d29f575a6f1ec167ba08ad06ed5deca4f1e8654c135bf4c.js?body=1" for ::1 at 2016-03-29 10:34:14 -0400


Started GET "/assets/turbolinks.self-c37727e9bd6b2735da5c311aa83fead54ed0be6cc8bd9a65309e9c5abe2cbfff.js?body=1" for ::1 at 2016-03-29 10:34:14 -0400


Started GET "/assets/jquery_ujs.self-e87806d0cf4489aeb1bb7288016024e8de67fd18db693fe026fe3907581e53cd.js?body=1" for ::1 at 2016-03-29 10:34:14 -0400


Started GET "/assets/posts.self-877aef30ae1b040ab8a3aba4e3e309a11d7f2612f44dde450b5c157aa5f95c05.js?body=1" for ::1 at 2016-03-29 10:34:14 -0400


Started GET "/assets/application.self-3b8dabdc891efe46b9a144b400ad69e37d7e5876bdc39dee783419a69d7ca819.js?body=1" for ::1 at 2016-03-29 10:34:14 -0400


Started GET "/new" for ::1 at 2016-03-29 10:34:18 -0400
Processing by PostsController#new as HTML
  Rendered posts/_form.html.erb (10.5ms)
  Rendered posts/new.html.erb within layouts/application (13.3ms)
Completed 200 OK in 35ms (Views: 34.5ms | ActiveRecord: 0.0ms)


Started GET "/" for ::1 at 2016-03-30 09:23:21 -0400
  [1m[36mActiveRecord::SchemaMigration Load (2.5ms)[0m  [1mSELECT "schema_migrations".* FROM "schema_migrations"[0m
Processing by PostsController#index as HTML
  [1m[35mPost Load (2.5ms)[0m  SELECT "posts".* FROM "posts"
  Rendered posts/index.html.erb within layouts/application (17.4ms)
Completed 200 OK in 322ms (Views: 306.1ms | ActiveRecord: 3.1ms)


Started GET "/" for ::1 at 2016-03-30 09:23:21 -0400
Processing by PostsController#index as HTML
  [1m[36mPost Load (0.2ms)[0m  [1mSELECT "posts".* FROM "posts"[0m
  Rendered posts/index.html.erb within layouts/application (1.4ms)
Completed 200 OK in 23ms (Views: 21.5ms | ActiveRecord: 0.2ms)


Started GET "/posts/new" for ::1 at 2016-03-30 09:23:24 -0400
Processing by PostsController#new as HTML
  Rendered posts/_form.html.erb (62.9ms)
  Rendered posts/new.html.erb within layouts/application (74.9ms)
Completed 200 OK in 105ms (Views: 104.5ms | ActiveRecord: 0.0ms)


Started POST "/posts" for ::1 at 2016-03-30 09:24:07 -0400
Processing by PostsController#create as HTML
  Parameters: {"utf8"=>"✓", "authenticity_token"=>"I5jsOM+AEV4Q2nHinpJMVr0Ys+Q50OKKaVekBwTiCV1+EfzprmLiE5nP10eIkW9bOICSqKOn2Q5zF3Li+mhEow==", "post"=>{"name"=>"Alex", "title"=>"Async post test", "content"=>"blah blah"}, "commit"=>"Create Post"}
  [1m[35m (0.1ms)[0m  begin transaction
  [1m[36mSQL (5.5ms)[0m  [1mINSERT INTO "posts" ("name", "title", "content", "created_at", "updated_at") VALUES (?, ?, ?, ?, ?)[0m  [["name", "Alex"], ["title", "Async post test"], ["content", "blah blah"], ["created_at", "2016-03-30 13:24:07.999459"], ["updated_at", "2016-03-30 13:24:07.999459"]]
  [1m[35m (3.4ms)[0m  commit transaction
Redirected to http://localhost:3000/posts/2
Completed 302 Found in 17ms (ActiveRecord: 8.9ms)


Started GET "/posts/2" for ::1 at 2016-03-30 09:24:08 -0400
Processing by PostsController#show as HTML
  Parameters: {"id"=>"2"}
  [1m[36mPost Load (0.3ms)[0m  [1mSELECT  "posts".* FROM "posts" WHERE "posts"."id" = ? LIMIT 1[0m  [["id", 2]]
  Rendered posts/show.html.erb within layouts/application (1.0ms)
Completed 200 OK in 36ms (Views: 18.6ms | ActiveRecord: 0.3ms)


Started GET "/posts" for ::1 at 2016-03-30 09:24:13 -0400
Processing by PostsController#index as HTML
  [1m[35mPost Load (0.1ms)[0m  SELECT "posts".* FROM "posts"
  Rendered posts/index.html.erb within layouts/application (1.6ms)
Completed 200 OK in 13ms (Views: 12.0ms | ActiveRecord: 0.1ms)


Started GET "/posts" for ::1 at 2016-03-30 09:25:07 -0400
Processing by PostsController#index as HTML
  [1m[36mPost Load (0.1ms)[0m  [1mSELECT "posts".* FROM "posts"[0m
  Rendered posts/index.html.erb within layouts/application (1.0ms)
Completed 200 OK in 12ms (Views: 11.7ms | ActiveRecord: 0.1ms)


Started GET "/assets/posts.self-e3b0c44298fc1c149afbf4c8996fb92427ae41e4649b934ca495991b7852b855.css?body=1" for ::1 at 2016-03-30 09:25:07 -0400


Started GET "/assets/jquery_ujs.self-e87806d0cf4489aeb1bb7288016024e8de67fd18db693fe026fe3907581e53cd.js?body=1" for ::1 at 2016-03-30 09:25:07 -0400


Started GET "/assets/turbolinks.self-c37727e9bd6b2735da5c311aa83fead54ed0be6cc8bd9a65309e9c5abe2cbfff.js?body=1" for ::1 at 2016-03-30 09:25:07 -0400


Started GET "/assets/jquery.self-660adc51e0224b731d29f575a6f1ec167ba08ad06ed5deca4f1e8654c135bf4c.js?body=1" for ::1 at 2016-03-30 09:25:07 -0400


Started GET "/assets/scaffolds.self-95a4628ee173bf2c000fa780a18ef44e5d1ee9b3bec41cbe01189c3e432e8c7d.css?body=1" for ::1 at 2016-03-30 09:25:07 -0400


Started GET "/assets/application.self-e80e8f2318043e8af94dddc2adad5a4f09739a8ebb323b3ab31cd71d45fd9113.css?body=1" for ::1 at 2016-03-30 09:25:07 -0400


Started GET "/assets/posts.self-877aef30ae1b040ab8a3aba4e3e309a11d7f2612f44dde450b5c157aa5f95c05.js?body=1" for ::1 at 2016-03-30 09:25:07 -0400


Started GET "/assets/application.self-3b8dabdc891efe46b9a144b400ad69e37d7e5876bdc39dee783419a69d7ca819.js?body=1" for ::1 at 2016-03-30 09:25:07 -0400


Started GET "/posts/new" for ::1 at 2016-03-30 09:25:09 -0400
Processing by PostsController#new as HTML
  Rendered posts/_form.html.erb (1.5ms)
  Rendered posts/new.html.erb within layouts/application (2.7ms)
Completed 200 OK in 15ms (Views: 14.3ms | ActiveRecord: 0.0ms)


Started POST "/posts" for ::1 at 2016-03-30 09:25:16 -0400
Processing by PostsController#create as HTML
  Parameters: {"utf8"=>"✓", "authenticity_token"=>"KhINKCjl+LPn5xp/IM6r6MaNN+lOsap4XD3eQ82QVBR3mx35SQcL/m7yvNo2zYjlQxUWpdTGkfxGfQimMxoZ6g==", "post"=>{"name"=>"Alex", "title"=>"ssss", "content"=>"ssss"}, "commit"=>"Create Post"}
  [1m[35m (0.1ms)[0m  begin transaction
  [1m[36mSQL (0.2ms)[0m  [1mINSERT INTO "posts" ("name", "title", "content", "created_at", "updated_at") VALUES (?, ?, ?, ?, ?)[0m  [["name", "Alex"], ["title", "ssss"], ["content", "ssss"], ["created_at", "2016-03-30 13:25:16.365003"], ["updated_at", "2016-03-30 13:25:16.365003"]]
  [1m[35m (2.5ms)[0m  commit transaction
Redirected to http://localhost:3000/posts/3
Completed 302 Found in 5ms (ActiveRecord: 2.8ms)


Started GET "/posts/3" for ::1 at 2016-03-30 09:25:16 -0400
Processing by PostsController#show as HTML
  Parameters: {"id"=>"3"}
  [1m[36mPost Load (0.1ms)[0m  [1mSELECT  "posts".* FROM "posts" WHERE "posts"."id" = ? LIMIT 1[0m  [["id", 3]]
  Rendered posts/show.html.erb within layouts/application (0.2ms)
Completed 200 OK in 16ms (Views: 14.6ms | ActiveRecord: 0.1ms)


Started GET "/posts" for ::1 at 2016-03-30 09:25:20 -0400
Processing by PostsController#index as HTML
  [1m[35mPost Load (0.1ms)[0m  SELECT "posts".* FROM "posts"
  Rendered posts/index.html.erb within layouts/application (1.1ms)
Completed 200 OK in 13ms (Views: 12.2ms | ActiveRecord: 0.1ms)


Started GET "/" for ::1 at 2016-03-30 09:32:03 -0400
  [1m[36mActiveRecord::SchemaMigration Load (0.2ms)[0m  [1mSELECT "schema_migrations".* FROM "schema_migrations"[0m
Processing by PostsController#index as HTML
  [1m[35mPost Load (0.2ms)[0m  SELECT "posts".* FROM "posts"
  Rendered posts/index.html.erb within layouts/application (6.5ms)
Completed 200 OK in 231ms (Views: 222.5ms | ActiveRecord: 0.4ms)


Started GET "/posts/new" for ::1 at 2016-03-30 09:32:21 -0400
Processing by PostsController#new as HTML
  Rendered posts/_form.html.erb (10.7ms)
  Rendered posts/new.html.erb within layouts/application (13.7ms)
Completed 200 OK in 26ms (Views: 25.1ms | ActiveRecord: 0.0ms)


Started POST "/posts" for ::1 at 2016-03-30 09:32:28 -0400
Processing by PostsController#create as HTML
  Parameters: {"utf8"=>"✓", "authenticity_token"=>"JHo9pQiIX40RaXrE88yyxYzWVpT2Rs6QUBVA30iF0CJ58y10aWqswJh83GHlz5HICU532Gwx9RRKVZY6tg+d3A==", "post"=>{"name"=>"Test", "title"=>"test", "content"=>"ttt"}, "commit"=>"Create Post"}
  [1m[36m (0.1ms)[0m  [1mbegin transaction[0m
  [1m[35mSQL (0.3ms)[0m  INSERT INTO "posts" ("name", "title", "content", "created_at", "updated_at") VALUES (?, ?, ?, ?, ?)  [["name", "Test"], ["title", "test"], ["content", "ttt"], ["created_at", "2016-03-30 13:32:28.213274"], ["updated_at", "2016-03-30 13:32:28.213274"]]
  [1m[36m (2.6ms)[0m  [1mcommit transaction[0m
Completed 500 Internal Server Error in 5037ms (ActiveRecord: 3.0ms)

NameError (undefined local variable or method `root' for #<PostsController:0x007fe11f224bd0>):
  app/controllers/posts_controller.rb:33:in `create'


  Rendered /Users/adarr/.rvm/gems/ruby-2.3.0/gems/actionpack-4.2.6/lib/action_dispatch/middleware/templates/rescues/_source.erb (3.5ms)
  Rendered /Users/adarr/.rvm/gems/ruby-2.3.0/gems/actionpack-4.2.6/lib/action_dispatch/middleware/templates/rescues/_trace.html.erb (2.3ms)
  Rendered /Users/adarr/.rvm/gems/ruby-2.3.0/gems/actionpack-4.2.6/lib/action_dispatch/middleware/templates/rescues/_request_and_response.html.erb (2.6ms)
  Rendered /Users/adarr/.rvm/gems/ruby-2.3.0/gems/actionpack-4.2.6/lib/action_dispatch/middleware/templates/rescues/diagnostics.html.erb within rescues/layout (62.8ms)
  Rendered /Users/adarr/.rvm/gems/ruby-2.3.0/gems/web-console-2.3.0/lib/web_console/templates/_markup.html.erb (0.5ms)
  Rendered /Users/adarr/.rvm/gems/ruby-2.3.0/gems/web-console-2.3.0/lib/web_console/templates/_inner_console_markup.html.erb within layouts/inlined_string (0.7ms)
  Rendered /Users/adarr/.rvm/gems/ruby-2.3.0/gems/web-console-2.3.0/lib/web_console/templates/_prompt_box_markup.html.erb within layouts/inlined_string (0.5ms)
  Rendered /Users/adarr/.rvm/gems/ruby-2.3.0/gems/web-console-2.3.0/lib/web_console/templates/style.css.erb within layouts/inlined_string (0.4ms)
  Rendered /Users/adarr/.rvm/gems/ruby-2.3.0/gems/web-console-2.3.0/lib/web_console/templates/console.js.erb within layouts/javascript (57.8ms)
  Rendered /Users/adarr/.rvm/gems/ruby-2.3.0/gems/web-console-2.3.0/lib/web_console/templates/main.js.erb within layouts/javascript (0.5ms)
  Rendered /Users/adarr/.rvm/gems/ruby-2.3.0/gems/web-console-2.3.0/lib/web_console/templates/error_page.js.erb within layouts/javascript (0.4ms)
  Rendered /Users/adarr/.rvm/gems/ruby-2.3.0/gems/web-console-2.3.0/lib/web_console/templates/index.html.erb (130.7ms)


Started POST "/posts" for ::1 at 2016-03-30 09:32:55 -0400
Processing by PostsController#create as HTML
  Parameters: {"utf8"=>"✓", "authenticity_token"=>"JHo9pQiIX40RaXrE88yyxYzWVpT2Rs6QUBVA30iF0CJ58y10aWqswJh83GHlz5HICU532Gwx9RRKVZY6tg+d3A==", "post"=>{"name"=>"Test", "title"=>"test", "content"=>"ttt"}, "commit"=>"Create Post"}
  [1m[35m (0.0ms)[0m  begin transaction
  [1m[36mSQL (0.3ms)[0m  [1mINSERT INTO "posts" ("name", "title", "content", "created_at", "updated_at") VALUES (?, ?, ?, ?, ?)[0m  [["name", "Test"], ["title", "test"], ["content", "ttt"], ["created_at", "2016-03-30 13:32:55.863238"], ["updated_at", "2016-03-30 13:32:55.863238"]]
  [1m[35m (6.1ms)[0m  commit transaction
Redirected to http://localhost:3000/posts
Completed 302 Found in 5018ms (ActiveRecord: 6.8ms)


Started GET "/posts" for ::1 at 2016-03-30 09:33:00 -0400
Processing by PostsController#index as HTML
  [1m[36mPost Load (0.1ms)[0m  [1mSELECT "posts".* FROM "posts"[0m
  Rendered posts/index.html.erb within layouts/application (1.9ms)
Completed 200 OK in 18ms (Views: 17.6ms | ActiveRecord: 0.1ms)


Started GET "/assets/posts.self-e3b0c44298fc1c149afbf4c8996fb92427ae41e4649b934ca495991b7852b855.css?body=1" for ::1 at 2016-03-30 09:33:00 -0400


Started GET "/assets/jquery_ujs.self-e87806d0cf4489aeb1bb7288016024e8de67fd18db693fe026fe3907581e53cd.js?body=1" for ::1 at 2016-03-30 09:33:00 -0400


Started GET "/assets/jquery.self-660adc51e0224b731d29f575a6f1ec167ba08ad06ed5deca4f1e8654c135bf4c.js?body=1" for ::1 at 2016-03-30 09:33:01 -0400


Started GET "/assets/application.self-e80e8f2318043e8af94dddc2adad5a4f09739a8ebb323b3ab31cd71d45fd9113.css?body=1" for ::1 at 2016-03-30 09:33:01 -0400


Started GET "/assets/posts.self-877aef30ae1b040ab8a3aba4e3e309a11d7f2612f44dde450b5c157aa5f95c05.js?body=1" for ::1 at 2016-03-30 09:33:01 -0400


Started GET "/assets/scaffolds.self-95a4628ee173bf2c000fa780a18ef44e5d1ee9b3bec41cbe01189c3e432e8c7d.css?body=1" for ::1 at 2016-03-30 09:33:01 -0400


Started GET "/assets/turbolinks.self-c37727e9bd6b2735da5c311aa83fead54ed0be6cc8bd9a65309e9c5abe2cbfff.js?body=1" for ::1 at 2016-03-30 09:33:01 -0400


Started GET "/assets/application.self-3b8dabdc891efe46b9a144b400ad69e37d7e5876bdc39dee783419a69d7ca819.js?body=1" for ::1 at 2016-03-30 09:33:01 -0400


Started GET "/posts/new" for ::1 at 2016-03-30 09:33:04 -0400
Processing by PostsController#new as HTML
  Rendered posts/_form.html.erb (1.3ms)
  Rendered posts/new.html.erb within layouts/application (2.4ms)
Completed 200 OK in 14ms (Views: 13.1ms | ActiveRecord: 0.0ms)


Started POST "/posts" for ::1 at 2016-03-30 09:33:13 -0400
Processing by PostsController#create as HTML
  Parameters: {"utf8"=>"✓", "authenticity_token"=>"T5QPUOYca8WxveNlP/GD//vAQyOsOlUCCEyii0XlOecSHR+Bh/6YiDioRcAp8qDyflhibzZNboYSDHRuu290GQ==", "post"=>{"name"=>"Testing async", "title"=>"async", "content"=>"posts path"}, "commit"=>"Create Post"}
  [1m[35m (0.1ms)[0m  begin transaction
  [1m[36mSQL (0.3ms)[0m  [1mINSERT INTO "posts" ("name", "title", "content", "created_at", "updated_at") VALUES (?, ?, ?, ?, ?)[0m  [["name", "Testing async"], ["title", "async"], ["content", "posts path"], ["created_at", "2016-03-30 13:33:13.351425"], ["updated_at", "2016-03-30 13:33:13.351425"]]
  [1m[35m (2.8ms)[0m  commit transaction
Redirected to http://localhost:3000/posts
Completed 302 Found in 5007ms (ActiveRecord: 3.1ms)


Started GET "/posts" for ::1 at 2016-03-30 09:33:18 -0400
Processing by PostsController#index as HTML
  [1m[36mPost Load (0.2ms)[0m  [1mSELECT "posts".* FROM "posts"[0m
  Rendered posts/index.html.erb within layouts/application (2.7ms)
Completed 200 OK in 16ms (Views: 15.4ms | ActiveRecord: 0.2ms)


Started GET "/" for ::1 at 2016-03-30 09:42:10 -0400
Processing by PostsController#index as HTML
  [1m[35mPost Load (0.2ms)[0m  SELECT "posts".* FROM "posts"
  Rendered posts/index.html.erb within layouts/application (2.2ms)
Completed 200 OK in 19ms (Views: 18.5ms | ActiveRecord: 0.2ms)


Started GET "/assets/posts.self-e3b0c44298fc1c149afbf4c8996fb92427ae41e4649b934ca495991b7852b855.css?body=1" for ::1 at 2016-03-30 09:42:10 -0400


Started GET "/assets/scaffolds.self-95a4628ee173bf2c000fa780a18ef44e5d1ee9b3bec41cbe01189c3e432e8c7d.css?body=1" for ::1 at 2016-03-30 09:42:10 -0400


Started GET "/assets/posts.self-877aef30ae1b040ab8a3aba4e3e309a11d7f2612f44dde450b5c157aa5f95c05.js?body=1" for ::1 at 2016-03-30 09:42:10 -0400


Started GET "/assets/turbolinks.self-c37727e9bd6b2735da5c311aa83fead54ed0be6cc8bd9a65309e9c5abe2cbfff.js?body=1" for ::1 at 2016-03-30 09:42:10 -0400


Started GET "/assets/application.self-e80e8f2318043e8af94dddc2adad5a4f09739a8ebb323b3ab31cd71d45fd9113.css?body=1" for ::1 at 2016-03-30 09:42:10 -0400


Started GET "/assets/jquery.self-660adc51e0224b731d29f575a6f1ec167ba08ad06ed5deca4f1e8654c135bf4c.js?body=1" for ::1 at 2016-03-30 09:42:10 -0400


Started GET "/assets/jquery_ujs.self-e87806d0cf4489aeb1bb7288016024e8de67fd18db693fe026fe3907581e53cd.js?body=1" for ::1 at 2016-03-30 09:42:10 -0400


Started GET "/assets/application.self-3b8dabdc891efe46b9a144b400ad69e37d7e5876bdc39dee783419a69d7ca819.js?body=1" for ::1 at 2016-03-30 09:42:10 -0400


Started GET "/posts/new" for ::1 at 2016-03-30 09:42:14 -0400
Processing by PostsController#new as HTML
  Rendered posts/_form.html.erb (2.3ms)
  Rendered posts/new.html.erb within layouts/application (4.7ms)
Completed 200 OK in 23ms (Views: 21.6ms | ActiveRecord: 0.0ms)
